2026-07-15 11:29:25.428: [INFO][Sync] Reset engine, reason: 8
2026-07-15 11:29:25.428: [INFO][Sync] Stopped: Bookmarks
2026-07-15 11:29:25.428: [INFO][Sync] Stopped: Preferences
2026-07-15 11:29:25.428: [INFO][Sync] Stopped: Passwords
2026-07-15 11:29:25.428: [INFO][Sync] Stopped: Autofill Profiles
2026-07-15 11:29:25.428: [INFO][Sync] Stopped: Autofill
2026-07-15 11:29:25.428: [INFO][Sync] Stopped: Extensions
2026-07-15 11:29:25.428: [INFO][Sync] Stopped: Sessions
2026-07-15 11:29:25.428: [INFO][Sync] Stopped: Extension settings
2026-07-15 11:29:25.428: [INFO][Sync] Stopped: History Delete Directives
2026-07-15 11:29:25.428: [INFO][Sync] Stopped: Device Info
2026-07-15 11:29:25.428: [INFO][Sync] Stopped: User Consents
2026-07-15 11:29:25.428: [INFO][Sync] Stopped: Send Tab To Self
2026-07-15 11:29:25.428: [INFO][Sync] Stopped: Web Apps
2026-07-15 11:29:25.428: [INFO][Sync] Stopped: History
2026-07-15 11:29:25.428: [INFO][Sync] Stopped: Saved Tab Group
2026-07-15 11:29:25.428: [INFO][Sync] Stopped: WebAuthn Credentials
2026-07-15 11:29:25.428: [INFO][Sync] Stopped: Edge E Drop
2026-07-15 11:29:25.428: [INFO][Sync] Stopped: Edge Hub App Usage
2026-07-15 11:29:25.428: [INFO][Sync] Stopped: Edge Journey
2026-07-15 11:29:25.428: [INFO][Sync] Stopped: Edge Workspace
2026-07-15 11:29:25.428: [INFO][Sync] SyncState after authenticated was: NotSignedIn
2026-07-15 11:29:25.718: [INFO][Sync] Reset engine, reason: 8
2026-07-15 11:29:25.718: [INFO][Sync] Stopped: Bookmarks
2026-07-15 11:29:25.718: [INFO][Sync] Stopped: Preferences
2026-07-15 11:29:25.718: [INFO][Sync] Stopped: Passwords
2026-07-15 11:29:25.718: [INFO][Sync] Stopped: Autofill Profiles
2026-07-15 11:29:25.718: [INFO][Sync] Stopped: Autofill
2026-07-15 11:29:25.718: [INFO][Sync] Stopped: Extensions
2026-07-15 11:29:25.718: [INFO][Sync] Stopped: Sessions
2026-07-15 11:29:25.718: [INFO][Sync] Stopped: Extension settings
2026-07-15 11:29:25.718: [INFO][Sync] Stopped: History Delete Directives
2026-07-15 11:29:25.718: [INFO][Sync] Stopped: Device Info
2026-07-15 11:29:25.718: [INFO][Sync] Stopped: User Consents
2026-07-15 11:29:25.718: [INFO][Sync] Stopped: Send Tab To Self
2026-07-15 11:29:25.718: [INFO][Sync] Stopped: Web Apps
2026-07-15 11:29:25.718: [INFO][Sync] Stopped: History
2026-07-15 11:29:25.718: [INFO][Sync] Stopped: Saved Tab Group
2026-07-15 11:29:25.718: [INFO][Sync] Stopped: WebAuthn Credentials
2026-07-15 11:29:25.718: [INFO][Sync] Stopped: Edge E Drop
2026-07-15 11:29:25.718: [INFO][Sync] Stopped: Edge Hub App Usage
2026-07-15 11:29:25.718: [INFO][Sync] Stopped: Edge Journey
2026-07-15 11:29:25.718: [INFO][Sync] Stopped: Edge Workspace
2026-07-15 11:32:45.179: [INFO][Sync] Reset engine, reason: 0
2026-07-16 18:20:32.940: [INFO][Sync] Reset engine, reason: 8
2026-07-16 18:20:32.940: [INFO][Sync] Stopped: Bookmarks
2026-07-16 18:20:32.940: [INFO][Sync] Stopped: Preferences
2026-07-16 18:20:32.940: [INFO][Sync] Stopped: Passwords
2026-07-16 18:20:32.940: [INFO][Sync] Stopped: Autofill Profiles
2026-07-16 18:20:32.940: [INFO][Sync] Stopped: Autofill
2026-07-16 18:20:32.940: [INFO][Sync] Stopped: Extensions
2026-07-16 18:20:32.940: [INFO][Sync] Stopped: Sessions
2026-07-16 18:20:32.940: [INFO][Sync] Stopped: Extension settings
2026-07-16 18:20:32.940: [INFO][Sync] Stopped: History Delete Directives
2026-07-16 18:20:32.940: [INFO][Sync] Stopped: Device Info
2026-07-16 18:20:32.940: [INFO][Sync] Stopped: User Consents
2026-07-16 18:20:32.940: [INFO][Sync] Stopped: Send Tab To Self
2026-07-16 18:20:32.940: [INFO][Sync] Stopped: Web Apps
2026-07-16 18:20:32.940: [INFO][Sync] Stopped: History
2026-07-16 18:20:32.940: [INFO][Sync] Stopped: Saved Tab Group
2026-07-16 18:20:32.940: [INFO][Sync] Stopped: WebAuthn Credentials
2026-07-16 18:20:32.940: [INFO][Sync] Stopped: Edge E Drop
2026-07-16 18:20:32.940: [INFO][Sync] Stopped: Edge Hub App Usage
2026-07-16 18:20:32.940: [INFO][Sync] Stopped: Edge Journey
2026-07-16 18:20:32.940: [INFO][Sync] Stopped: Edge Workspace
2026-07-16 18:20:32.940: [INFO][Sync] SyncState after authenticated was: NotSignedIn
2026-07-16 18:20:33.188: [INFO][Sync] Reset engine, reason: 8
2026-07-16 18:20:33.188: [INFO][Sync] Stopped: Bookmarks
2026-07-16 18:20:33.188: [INFO][Sync] Stopped: Preferences
2026-07-16 18:20:33.188: [INFO][Sync] Stopped: Passwords
2026-07-16 18:20:33.188: [INFO][Sync] Stopped: Autofill Profiles
2026-07-16 18:20:33.188: [INFO][Sync] Stopped: Autofill
2026-07-16 18:20:33.188: [INFO][Sync] Stopped: Extensions
2026-07-16 18:20:33.188: [INFO][Sync] Stopped: Sessions
2026-07-16 18:20:33.188: [INFO][Sync] Stopped: Extension settings
2026-07-16 18:20:33.188: [INFO][Sync] Stopped: History Delete Directives
2026-07-16 18:20:33.188: [INFO][Sync] Stopped: Device Info
2026-07-16 18:20:33.188: [INFO][Sync] Stopped: User Consents
2026-07-16 18:20:33.188: [INFO][Sync] Stopped: Send Tab To Self
2026-07-16 18:20:33.188: [INFO][Sync] Stopped: Web Apps
2026-07-16 18:20:33.188: [INFO][Sync] Stopped: History
2026-07-16 18:20:33.188: [INFO][Sync] Stopped: Saved Tab Group
2026-07-16 18:20:33.188: [INFO][Sync] Stopped: WebAuthn Credentials
2026-07-16 18:20:33.188: [INFO][Sync] Stopped: Edge E Drop
2026-07-16 18:20:33.188: [INFO][Sync] Stopped: Edge Hub App Usage
2026-07-16 18:20:33.188: [INFO][Sync] Stopped: Edge Journey
2026-07-16 18:20:33.188: [INFO][Sync] Stopped: Edge Workspace
2026-07-16 18:22:30.322: [INFO][Sync] Reset engine, reason: 0
2026-07-19 08:19:16.137: [INFO][Sync] Reset engine, reason: 8
2026-07-19 08:19:16.137: [INFO][Sync] Stopped: Bookmarks
2026-07-19 08:19:16.137: [INFO][Sync] Stopped: Preferences
2026-07-19 08:19:16.137: [INFO][Sync] Stopped: Passwords
2026-07-19 08:19:16.137: [INFO][Sync] Stopped: Autofill Profiles
2026-07-19 08:19:16.137: [INFO][Sync] Stopped: Autofill
2026-07-19 08:19:16.137: [INFO][Sync] Stopped: Extensions
2026-07-19 08:19:16.137: [INFO][Sync] Stopped: Sessions
2026-07-19 08:19:16.137: [INFO][Sync] Stopped: Extension settings
2026-07-19 08:19:16.137: [INFO][Sync] Stopped: History Delete Directives
2026-07-19 08:19:16.137: [INFO][Sync] Stopped: Device Info
2026-07-19 08:19:16.137: [INFO][Sync] Stopped: User Consents
2026-07-19 08:19:16.137: [INFO][Sync] Stopped: Send Tab To Self
2026-07-19 08:19:16.137: [INFO][Sync] Stopped: Web Apps
2026-07-19 08:19:16.137: [INFO][Sync] Stopped: History
2026-07-19 08:19:16.137: [INFO][Sync] Stopped: Saved Tab Group
2026-07-19 08:19:16.137: [INFO][Sync] Stopped: WebAuthn Credentials
2026-07-19 08:19:16.137: [INFO][Sync] Stopped: Edge E Drop
2026-07-19 08:19:16.137: [INFO][Sync] Stopped: Edge Hub App Usage
2026-07-19 08:19:16.137: [INFO][Sync] Stopped: Edge Journey
2026-07-19 08:19:16.137: [INFO][Sync] Stopped: Edge Workspace
2026-07-19 08:19:16.137: [INFO][Sync] SyncState after authenticated was: NotSignedIn
2026-07-19 08:19:16.331: [INFO][Sync] Reset engine, reason: 8
2026-07-19 08:19:16.331: [INFO][Sync] Stopped: Bookmarks
2026-07-19 08:19:16.331: [INFO][Sync] Stopped: Preferences
2026-07-19 08:19:16.331: [INFO][Sync] Stopped: Passwords
2026-07-19 08:19:16.331: [INFO][Sync] Stopped: Autofill Profiles
2026-07-19 08:19:16.331: [INFO][Sync] Stopped: Autofill
2026-07-19 08:19:16.331: [INFO][Sync] Stopped: Extensions
2026-07-19 08:19:16.331: [INFO][Sync] Stopped: Sessions
2026-07-19 08:19:16.331: [INFO][Sync] Stopped: Extension settings
2026-07-19 08:19:16.331: [INFO][Sync] Stopped: History Delete Directives
2026-07-19 08:19:16.331: [INFO][Sync] Stopped: Device Info
2026-07-19 08:19:16.331: [INFO][Sync] Stopped: User Consents
2026-07-19 08:19:16.331: [INFO][Sync] Stopped: Send Tab To Self
2026-07-19 08:19:16.331: [INFO][Sync] Stopped: Web Apps
2026-07-19 08:19:16.331: [INFO][Sync] Stopped: History
2026-07-19 08:19:16.331: [INFO][Sync] Stopped: Saved Tab Group
2026-07-19 08:19:16.331: [INFO][Sync] Stopped: WebAuthn Credentials
2026-07-19 08:19:16.331: [INFO][Sync] Stopped: Edge E Drop
2026-07-19 08:19:16.331: [INFO][Sync] Stopped: Edge Hub App Usage
2026-07-19 08:19:16.331: [INFO][Sync] Stopped: Edge Journey
2026-07-19 08:19:16.331: [INFO][Sync] Stopped: Edge Workspace
2026-07-19 08:51:38.214: [INFO][Sync] Reset engine, reason: 0
